[debug] [2021-03-11T18:10:28.715Z] ----------------------------------------------------------------------
[debug] [2021-03-11T18:10:28.716Z] Command:       /usr/local/bin/node /usr/local/bin/firebase emulators:start
[debug] [2021-03-11T18:10:28.717Z] CLI Version:   7.12.1
[debug] [2021-03-11T18:10:28.717Z] Platform:      darwin
[debug] [2021-03-11T18:10:28.717Z] Node Version:  v10.16.0
[debug] [2021-03-11T18:10:28.721Z] Time:          Thu Mar 11 2021 12:10:28 GMT-0600 (Central Standard Time)
[debug] [2021-03-11T18:10:28.721Z] ----------------------------------------------------------------------
[debug] [2021-03-11T18:10:28.721Z] 
[debug] [2021-03-11T18:10:28.753Z] > command requires scopes: ["email","openid","https://www.googleapis.com/auth/cloudplatformprojects.readonly","https://www.googleapis.com/auth/firebase","https://www.googleapis.com/auth/cloud-platform"]
[debug] [2021-03-11T18:10:28.753Z] > authorizing via signed-in user
[info] i  emulators: Starting emulators: functions, firestore
[warn] ⚠  Your requested "node" version "12" doesn't match your global version "10"
[info] ✔  functions: Emulator started at http://localhost:5001
[info] i  firestore: downloading cloud-firestore-emulator-v1.10.2.jar...
[debug] [2021-03-11T18:10:33.271Z] Ignoring unsupported arg: projectId
[debug] [2021-03-11T18:10:33.271Z] Ignoring unsupported arg: auto_download
[debug] [2021-03-11T18:10:33.271Z] Starting emulator firestore with command {"binary":"java","args":["-Duser.language=en","-jar","/Users/neilsongamble/.cache/firebase/emulators/cloud-firestore-emulator-v1.10.2.jar","--host","localhost","--port",8080,"--rules","/Users/neilsongamble/Dev/Personal/popup-finder/firestore.rules","--functions_emulator","localhost:5001"],"optionalArgs":["port","webchannel_port","host","rules","functions_emulator"],"joinArgs":false}
[info] i  firestore: Emulator logging to firestore-debug.log
[debug] [2021-03-11T18:10:36.295Z] API endpoint: http://
[debug] [2021-03-11T18:10:36.295Z] localhost:8080
If you are using a library that supports the FIRESTORE_EMULATOR_HOST environment variable, run:

   export FIRESTORE_EMULATOR_HOST=localhost:8080

Dev App Server is now running.


[info] ✔  firestore: Emulator started at http://localhost:8080
[info] i  firestore: For testing set FIRESTORE_EMULATOR_HOST=localhost:8080
[info] i  functions: Watching "/Users/neilsongamble/Dev/Personal/popup-finder/functions" for Cloud Functions...
[debug] [2021-03-11T18:10:36.333Z] [worker-pool] addWorker(~diagnostic~)
[debug] [2021-03-11T18:10:36.334Z] [worker-pool] Adding worker with key ~diagnostic~, total=1
[debug] [2021-03-11T18:10:36.334Z] [worker-pool] submitWork(triggerId=)
[debug] [2021-03-11T18:10:36.335Z] [worker-~diagnostic~-4b62f52a-7df4-4aaf-a727-3aa1a1c98170]: Assigning socketPath: /var/folders/69/tnbl69nd4rv6x4s5wlvf5xq00000gn/T/fire_emu_3099.sock
[debug] [2021-03-11T18:10:36.335Z] [worker-~diagnostic~-4b62f52a-7df4-4aaf-a727-3aa1a1c98170]: BUSY
[debug] [2021-03-11T18:10:36.716Z] [runtime-status] [3099] Functions runtime initialized. {"cwd":"/Users/neilsongamble/Dev/Personal/popup-finder/functions","node_version":"10.16.0"}
[debug] [2021-03-11T18:10:36.718Z] [runtime-status] [3099] Disabled runtime features: undefined
[debug] [2021-03-11T18:10:36.721Z] [runtime-status] [3099] Resolved module firebase-admin {"declared":true,"installed":true,"version":"9.5.0","resolution":"/Users/neilsongamble/Dev/Personal/popup-finder/functions/node_modules/firebase-admin/lib/index.js"}
[debug] [2021-03-11T18:10:36.723Z] [runtime-status] [3099] Resolved module firebase-functions {"declared":true,"installed":true,"version":"3.13.2","resolution":"/Users/neilsongamble/Dev/Personal/popup-finder/functions/node_modules/firebase-functions/lib/index.js"}
[debug] [2021-03-11T18:10:37.007Z] [runtime-status] [3099] Found google-gax at /Users/neilsongamble/Dev/Personal/popup-finder/functions/node_modules/google-gax/build/src/index.js
[debug] [2021-03-11T18:10:37.008Z] [runtime-status] [3099] Error in handleMessage: {"frb":{"cwd":"/Users/neilsongamble/Dev/Personal/popup-finder/functions","projectId":"popup-finder","triggerId":"","ports":{"firestore":8080},"socketPath":"/var/folders/69/tnbl69nd4rv6x4s5wlvf5xq00000gn/T/fire_emu_3099.sock"},"opts":{"nodeBinary":"/usr/local/bin/node"}} => TypeError: Cannot set property GrpcClient of #<Object> which has only a getter: TypeError: Cannot set property GrpcClient of #<Object> which has only a getter
    at networkingModules.map (/usr/local/lib/node_modules/firebase-tools/lib/emulator/functionsEmulatorRuntime.js:228:21)
    at Array.map (<anonymous>)
    at initializeNetworkFiltering (/usr/local/lib/node_modules/firebase-tools/lib/emulator/functionsEmulatorRuntime.js:221:39)
    at /usr/local/lib/node_modules/firebase-tools/lib/emulator/functionsEmulatorRuntime.js:701:13
    at Generator.next (<anonymous>)
    at fulfilled (/usr/local/lib/node_modules/firebase-tools/lib/emulator/functionsEmulatorRuntime.js:4:58)
    at process._tickCallback (internal/process/next_tick.js:68:7)
[warn] ⚠  functions:
[warn] ⚠  Your function was killed because it raised an unhandled error.
[debug] [2021-03-11T18:10:37.014Z] [worker-~diagnostic~-4b62f52a-7df4-4aaf-a727-3aa1a1c98170]: exited
[debug] [2021-03-11T18:10:37.014Z] [worker-~diagnostic~-4b62f52a-7df4-4aaf-a727-3aa1a1c98170]: FINISHED
[debug] [2021-03-11T18:10:54.151Z] Mar 11, 2021 12:10:54 PM io.gapi.emulators.netty.HttpVersionRoutingHandler channelRead
INFO: Detected non-HTTP/2 connection.

[debug] [2021-03-11T18:10:54.403Z] Mar 11, 2021 12:10:54 PM io.gapi.emulators.netty.NotFoundHandler handleRequest
INFO: Unknown request URI: /favicon.ico

